0 info it worked if it ends with ok
1 verbose cli [ '/Users/tim/.nvm/versions/node/v4.4.3/bin/node',
1 verbose cli   '/Users/tim/.nvm/versions/node/v4.4.3/bin/npm',
1 verbose cli   'install',
1 verbose cli   'wiring-pi',
1 verbose cli   '--save' ]
2 info using npm@3.10.7
3 info using node@v4.4.3
4 silly loadCurrentTree Starting
5 silly install loadCurrentTree
6 silly install readLocalPackageData
7 silly fetchPackageMetaData wiring-pi@>=2.1.1
8 silly fetchNamedPackageData wiring-pi
9 silly mapToRegistry name wiring-pi
10 silly mapToRegistry using default registry
11 silly mapToRegistry registry https://registry.npmjs.org/
12 silly mapToRegistry data Result {
12 silly mapToRegistry   raw: 'wiring-pi',
12 silly mapToRegistry   scope: null,
12 silly mapToRegistry   escapedName: 'wiring-pi',
12 silly mapToRegistry   name: 'wiring-pi',
12 silly mapToRegistry   rawSpec: '',
12 silly mapToRegistry   spec: 'latest',
12 silly mapToRegistry   type: 'tag' }
13 silly mapToRegistry uri https://registry.npmjs.org/wiring-pi
14 verbose request uri https://registry.npmjs.org/wiring-pi
15 verbose request no auth needed
16 info attempt registry request try #1 at 8:46:46 AM
17 verbose request id 5f2d194b5793f4f8
18 verbose etag "4FQWGRY2VZ2FGPWQAWNJ3G6LY"
19 http request GET https://registry.npmjs.org/wiring-pi
20 http 304 https://registry.npmjs.org/wiring-pi
21 verbose headers { date: 'Sat, 05 Nov 2016 21:46:46 GMT',
21 verbose headers   via: '1.1 varnish',
21 verbose headers   'cache-control': 'max-age=300',
21 verbose headers   etag: '"4FQWGRY2VZ2FGPWQAWNJ3G6LY"',
21 verbose headers   age: '250',
21 verbose headers   connection: 'keep-alive',
21 verbose headers   'x-served-by': 'cache-bne7720-BNE',
21 verbose headers   'x-cache': 'HIT',
21 verbose headers   'x-cache-hits': '1',
21 verbose headers   'x-timer': 'S1478382406.673641,VS0,VE0',
21 verbose headers   vary: 'Accept-Encoding' }
22 silly get cb [ 304,
22 silly get   { date: 'Sat, 05 Nov 2016 21:46:46 GMT',
22 silly get     via: '1.1 varnish',
22 silly get     'cache-control': 'max-age=300',
22 silly get     etag: '"4FQWGRY2VZ2FGPWQAWNJ3G6LY"',
22 silly get     age: '250',
22 silly get     connection: 'keep-alive',
22 silly get     'x-served-by': 'cache-bne7720-BNE',
22 silly get     'x-cache': 'HIT',
22 silly get     'x-cache-hits': '1',
22 silly get     'x-timer': 'S1478382406.673641,VS0,VE0',
22 silly get     vary: 'Accept-Encoding' } ]
23 verbose etag https://registry.npmjs.org/wiring-pi from cache
24 verbose get saving wiring-pi to /Users/tim/.npm/registry.npmjs.org/wiring-pi/.cache.json
25 verbose correctMkdir /Users/tim/.npm correctMkdir not in flight; initializing
26 silly install normalizeTree
27 silly loadCurrentTree Finishing
28 silly loadIdealTree Starting
29 silly install loadIdealTree
30 silly cloneCurrentTree Starting
31 silly install cloneCurrentTreeToIdealTree
32 silly cloneCurrentTree Finishing
33 silly loadShrinkwrap Starting
34 silly install loadShrinkwrap
35 silly loadShrinkwrap Finishing
36 silly loadAllDepsIntoIdealTree Starting
37 silly install loadAllDepsIntoIdealTree
38 silly resolveWithNewModule wiring-pi@2.2.0 checking installable status
39 silly cache add args [ 'wiring-pi@>=2.1.1', null ]
40 verbose cache add spec wiring-pi@>=2.1.1
41 silly cache add parsed spec Result {
41 silly cache add   raw: 'wiring-pi@>=2.1.1',
41 silly cache add   scope: null,
41 silly cache add   escapedName: 'wiring-pi',
41 silly cache add   name: 'wiring-pi',
41 silly cache add   rawSpec: '>=2.1.1',
41 silly cache add   spec: '>=2.1.1',
41 silly cache add   type: 'range' }
42 silly addNamed wiring-pi@>=2.1.1
43 verbose addNamed ">=2.1.1" is a valid semver range for wiring-pi
44 silly addNameRange { name: 'wiring-pi', range: '>=2.1.1', hasData: false }
45 silly mapToRegistry name wiring-pi
46 silly mapToRegistry using default registry
47 silly mapToRegistry registry https://registry.npmjs.org/
48 silly mapToRegistry data Result {
48 silly mapToRegistry   raw: 'wiring-pi',
48 silly mapToRegistry   scope: null,
48 silly mapToRegistry   escapedName: 'wiring-pi',
48 silly mapToRegistry   name: 'wiring-pi',
48 silly mapToRegistry   rawSpec: '',
48 silly mapToRegistry   spec: 'latest',
48 silly mapToRegistry   type: 'tag' }
49 silly mapToRegistry uri https://registry.npmjs.org/wiring-pi
50 verbose addNameRange registry:https://registry.npmjs.org/wiring-pi not in flight; fetching
51 verbose get https://registry.npmjs.org/wiring-pi not expired, no request
52 silly addNameRange number 2 { name: 'wiring-pi', range: '>=2.1.1', hasData: true }
53 silly addNameRange versions [ 'wiring-pi',
53 silly addNameRange   [ '0.1.0',
53 silly addNameRange     '0.1.1',
53 silly addNameRange     '0.1.2',
53 silly addNameRange     '0.2.0',
53 silly addNameRange     '1.0.0',
53 silly addNameRange     '1.0.1',
53 silly addNameRange     '1.0.2',
53 silly addNameRange     '1.1.0',
53 silly addNameRange     '1.1.1',
53 silly addNameRange     '1.1.2',
53 silly addNameRange     '2.0.0',
53 silly addNameRange     '2.1.0',
53 silly addNameRange     '2.1.1',
53 silly addNameRange     '2.2.0' ] ]
54 silly addNamed wiring-pi@2.2.0
55 verbose addNamed "2.2.0" is a plain semver version for wiring-pi
56 silly cache afterAdd wiring-pi@2.2.0
57 verbose afterAdd /Users/tim/.npm/wiring-pi/2.2.0/package/package.json not in flight; writing
58 verbose correctMkdir /Users/tim/.npm correctMkdir not in flight; initializing
59 verbose afterAdd /Users/tim/.npm/wiring-pi/2.2.0/package/package.json written
60 silly loadAllDepsIntoIdealTree Finishing
61 silly loadIdealTree Finishing
62 silly currentTree api-pi@1.0.0
62 silly currentTree ├── accepts@1.3.3
62 silly currentTree ├── array-flatten@1.1.1
62 silly currentTree ├── content-disposition@0.5.1
62 silly currentTree ├── content-type@1.0.2
62 silly currentTree ├── cookie-signature@1.0.6
62 silly currentTree ├── cookie@0.3.1
62 silly currentTree ├── debug@2.2.0
62 silly currentTree ├── depd@1.1.0
62 silly currentTree ├── destroy@1.0.4
62 silly currentTree ├── ee-first@1.1.1
62 silly currentTree ├── encodeurl@1.0.1
62 silly currentTree ├── escape-html@1.0.3
62 silly currentTree ├── etag@1.7.0
62 silly currentTree ├── express@4.14.0
62 silly currentTree ├── finalhandler@0.5.0
62 silly currentTree ├── forwarded@0.1.0
62 silly currentTree ├── fresh@0.3.0
62 silly currentTree ├── http-errors@1.5.0
62 silly currentTree ├── http@0.0.0
62 silly currentTree ├── inherits@2.0.1
62 silly currentTree ├── ipaddr.js@1.1.1
62 silly currentTree ├── media-typer@0.3.0
62 silly currentTree ├── merge-descriptors@1.0.1
62 silly currentTree ├── methods@1.1.2
62 silly currentTree ├── mime-db@1.24.0
62 silly currentTree ├── mime-types@2.1.12
62 silly currentTree ├── mime@1.3.4
62 silly currentTree ├── ms@0.7.1
62 silly currentTree ├── negotiator@0.6.1
62 silly currentTree ├── on-finished@2.3.0
62 silly currentTree ├── parseurl@1.3.1
62 silly currentTree ├── path-to-regexp@0.1.7
62 silly currentTree ├── proxy-addr@1.1.2
62 silly currentTree ├── qs@6.2.0
62 silly currentTree ├── range-parser@1.2.0
62 silly currentTree ├── send@0.14.1
62 silly currentTree ├── serve-static@1.11.1
62 silly currentTree ├── setprototypeof@1.0.1
62 silly currentTree ├── statuses@1.3.0
62 silly currentTree ├── type-is@1.6.13
62 silly currentTree ├── unpipe@1.0.0
62 silly currentTree ├── utils-merge@1.0.0
62 silly currentTree └── vary@1.1.0
63 silly idealTree api-pi@1.0.0
63 silly idealTree ├── accepts@1.3.3
63 silly idealTree ├── array-flatten@1.1.1
63 silly idealTree ├── content-disposition@0.5.1
63 silly idealTree ├── content-type@1.0.2
63 silly idealTree ├── cookie-signature@1.0.6
63 silly idealTree ├── cookie@0.3.1
63 silly idealTree ├── debug@2.2.0
63 silly idealTree ├── depd@1.1.0
63 silly idealTree ├── destroy@1.0.4
63 silly idealTree ├── ee-first@1.1.1
63 silly idealTree ├── encodeurl@1.0.1
63 silly idealTree ├── escape-html@1.0.3
63 silly idealTree ├── etag@1.7.0
63 silly idealTree ├── express@4.14.0
63 silly idealTree ├── finalhandler@0.5.0
63 silly idealTree ├── forwarded@0.1.0
63 silly idealTree ├── fresh@0.3.0
63 silly idealTree ├── http-errors@1.5.0
63 silly idealTree ├── http@0.0.0
63 silly idealTree ├── inherits@2.0.1
63 silly idealTree ├── ipaddr.js@1.1.1
63 silly idealTree ├── media-typer@0.3.0
63 silly idealTree ├── merge-descriptors@1.0.1
63 silly idealTree ├── methods@1.1.2
63 silly idealTree ├── mime-db@1.24.0
63 silly idealTree ├── mime-types@2.1.12
63 silly idealTree ├── mime@1.3.4
63 silly idealTree ├── ms@0.7.1
63 silly idealTree ├── negotiator@0.6.1
63 silly idealTree ├── on-finished@2.3.0
63 silly idealTree ├── parseurl@1.3.1
63 silly idealTree ├── path-to-regexp@0.1.7
63 silly idealTree ├── proxy-addr@1.1.2
63 silly idealTree ├── qs@6.2.0
63 silly idealTree ├── range-parser@1.2.0
63 silly idealTree ├── send@0.14.1
63 silly idealTree ├── serve-static@1.11.1
63 silly idealTree ├── setprototypeof@1.0.1
63 silly idealTree ├── statuses@1.3.0
63 silly idealTree ├── type-is@1.6.13
63 silly idealTree ├── unpipe@1.0.0
63 silly idealTree ├── utils-merge@1.0.0
63 silly idealTree ├── vary@1.1.0
63 silly idealTree └── wiring-pi@2.2.0
64 silly generateActionsToTake Starting
65 silly install generateActionsToTake
66 silly generateActionsToTake Finishing
67 silly diffTrees action count 1
68 silly diffTrees add wiring-pi@2.2.0
69 silly decomposeActions action count 8
70 silly decomposeActions fetch wiring-pi@2.2.0
71 silly decomposeActions extract wiring-pi@2.2.0
72 silly decomposeActions test wiring-pi@2.2.0
73 silly decomposeActions preinstall wiring-pi@2.2.0
74 silly decomposeActions build wiring-pi@2.2.0
75 silly decomposeActions install wiring-pi@2.2.0
76 silly decomposeActions postinstall wiring-pi@2.2.0
77 silly decomposeActions finalize wiring-pi@2.2.0
78 silly runTopLevelLifecycles Starting
79 silly executeActions Starting
80 silly install executeActions
81 silly doSerial global-install 0
82 silly doParallel fetch 1
83 verbose correctMkdir /Users/tim/.npm/_locks correctMkdir not in flight; initializing
84 verbose lock using /Users/tim/.npm/_locks/staging-b5940d89785e02e9.lock for /Users/tim/pi/rainbow-connection/node_modules/.staging
85 silly doParallel extract 1
86 silly extract wiring-pi@2.2.0
87 verbose unbuild node_modules/.staging/wiring-pi-69e201ab
88 silly gentlyRm /Users/tim/pi/rainbow-connection/node_modules/.staging/wiring-pi-69e201ab is being purged from base /Users/tim/pi/rainbow-connection
89 verbose gentlyRm don't care about contents; nuking /Users/tim/pi/rainbow-connection/node_modules/.staging/wiring-pi-69e201ab
90 verbose tar unpack /Users/tim/.npm/wiring-pi/2.2.0/package.tgz
91 verbose tar unpacking to /Users/tim/pi/rainbow-connection/node_modules/.staging/wiring-pi-69e201ab
92 silly gentlyRm /Users/tim/pi/rainbow-connection/node_modules/.staging/wiring-pi-69e201ab is being purged
93 verbose gentlyRm don't care about contents; nuking /Users/tim/pi/rainbow-connection/node_modules/.staging/wiring-pi-69e201ab
94 silly gunzTarPerm modes [ '755', '644' ]
95 silly gunzTarPerm extractEntry package.json
96 silly gunzTarPerm extractEntry .npmignore
97 silly gunzTarPerm extractEntry README.md
98 silly gunzTarPerm extractEntry CONTRIBUTING.md
99 silly gunzTarPerm extractEntry DOCUMENTATION.md
100 silly gunzTarPerm extractEntry src/wiringPiI2C.cc
101 silly gunzTarPerm extractEntry src/addon.cc
102 silly gunzTarPerm extractEntry src/devlib/maxdetect.cc
103 silly gunzTarPerm extractEntry src/devlib/devlib.cc
104 silly gunzTarPerm extractEntry src/devlib/ds1302.cc
105 silly gunzTarPerm extractEntry src/devlib/ds1302.h
106 silly gunzTarPerm extractEntry src/devlib/gertboard.cc
107 silly gunzTarPerm extractEntry src/devlib/gertboard.h
108 silly gunzTarPerm extractEntry src/devlib/lcd.cc
109 silly gunzTarPerm extractEntry src/devlib/lcd.h
110 silly gunzTarPerm extractEntry src/devlib/lcd128x64.cc
111 silly gunzTarPerm extractEntry src/devlib/lcd128x64.h
112 silly gunzTarPerm extractEntry src/devlib/devlib.h
113 silly gunzTarPerm extractEntry src/devlib/maxdetect.h
114 silly gunzTarPerm extractEntry src/devlib/piFace.cc
115 silly gunzTarPerm extractEntry src/devlib/piFace.h
116 silly gunzTarPerm extractEntry src/devlib/piGlow.cc
117 silly gunzTarPerm extractEntry src/devlib/piGlow.h
118 silly gunzTarPerm extractEntry src/devlib/piNes.cc
119 silly gunzTarPerm extractEntry src/devlib/piNes.h
120 silly gunzTarPerm extractEntry src/devlib/tcs34725.cc
121 silly gunzTarPerm extractEntry src/devlib/tcs34725.h
122 silly gunzTarPerm extractEntry src/extensions/mcp23s17.h
123 silly gunzTarPerm extractEntry src/extensions/dac7678.cc
124 silly gunzTarPerm extractEntry src/extensions/drcSerial.cc
125 silly gunzTarPerm extractEntry src/extensions/drcSerial.h
126 silly gunzTarPerm extractEntry src/extensions/extensions.cc
127 silly gunzTarPerm extractEntry src/extensions/extensions.h
128 silly gunzTarPerm extractEntry src/extensions/max31855.cc
129 silly gunzTarPerm extractEntry src/extensions/max31855.h
130 silly gunzTarPerm extractEntry src/extensions/max5322.cc
131 silly gunzTarPerm extractEntry src/extensions/max5322.h
132 silly gunzTarPerm extractEntry src/extensions/mcp23008.cc
133 silly gunzTarPerm extractEntry src/extensions/mcp23008.h
134 silly gunzTarPerm extractEntry src/extensions/mcp23016.cc
135 silly gunzTarPerm extractEntry src/extensions/mcp23016.h
136 silly gunzTarPerm extractEntry src/extensions/mcp23017.cc
137 silly gunzTarPerm extractEntry src/extensions/mcp23017.h
138 silly gunzTarPerm extractEntry src/extensions/mcp23s08.cc
139 silly gunzTarPerm extractEntry src/extensions/mcp23s08.h
140 silly gunzTarPerm extractEntry src/extensions/mcp23s17.cc
141 silly gunzTarPerm extractEntry src/extensions/dac7678.h
142 silly gunzTarPerm extractEntry src/extensions/mcp3002.cc
143 silly gunzTarPerm extractEntry src/extensions/mcp3002.h
144 silly gunzTarPerm extractEntry src/extensions/mcp3004.cc
145 silly gunzTarPerm extractEntry src/extensions/mcp3004.h
146 silly gunzTarPerm extractEntry src/extensions/mcp3422.cc
147 silly gunzTarPerm extractEntry src/extensions/mcp3422.h
148 silly gunzTarPerm extractEntry src/extensions/mcp4802.cc
149 silly gunzTarPerm extractEntry src/extensions/mcp4802.h
150 silly gunzTarPerm extractEntry src/extensions/pca9685.cc
151 silly gunzTarPerm extractEntry src/extensions/pca9685.h
152 silly gunzTarPerm extractEntry src/extensions/pcf8574.cc
153 silly gunzTarPerm extractEntry src/extensions/pcf8574.h
154 silly gunzTarPerm extractEntry src/extensions/pcf8591.cc
155 silly gunzTarPerm extractEntry src/extensions/pcf8591.h
156 silly gunzTarPerm extractEntry src/extensions/sn3218.cc
157 silly gunzTarPerm extractEntry src/extensions/sn3218.h
158 silly gunzTarPerm extractEntry src/extensions/sr595.cc
159 silly gunzTarPerm extractEntry src/extensions/sr595.h
160 silly gunzTarPerm extractEntry src/softPwm.cc
161 silly gunzTarPerm extractEntry src/softPwm.h
162 silly gunzTarPerm extractEntry src/softServo.cc
163 silly gunzTarPerm extractEntry src/softServo.h
164 silly gunzTarPerm extractEntry src/softTone.cc
165 silly gunzTarPerm extractEntry src/softTone.h
166 silly gunzTarPerm extractEntry src/wiringPi.cc
167 silly gunzTarPerm extractEntry src/wiringPi.h
168 silly gunzTarPerm extractEntry src/addon.h
169 silly gunzTarPerm extractEntry src/wiringPiI2C.h
170 silly gunzTarPerm extractEntry src/wiringPiISR.cc
171 silly gunzTarPerm extractEntry src/wiringPiISR.h
172 silly gunzTarPerm extractEntry src/wiringPiSPI.cc
173 silly gunzTarPerm extractEntry src/wiringPiSPI.h
174 silly gunzTarPerm extractEntry src/wiringSerial.cc
175 silly gunzTarPerm extractEntry src/wiringSerial.h
176 silly gunzTarPerm extractEntry src/wiringShift.cc
177 silly gunzTarPerm extractEntry src/wiringShift.h
178 silly gunzTarPerm extractEntry src/wpi.cc
179 silly gunzTarPerm extractEntry src/wpi.h
180 silly gunzTarPerm extractEntry .gitmodules
181 silly gunzTarPerm extractEntry examples/blink.js
182 silly gunzTarPerm extractEntry examples/pwm.js
183 silly gunzTarPerm extractEntry install.sh
184 silly gunzTarPerm extractEntry lib/exports.js
185 silly gunzTarPerm extractEntry CHANGELOG.md
186 silly gunzTarPerm extractEntry patchs/devLib_Makefile.patch
187 silly gunzTarPerm extractEntry patchs/gpio_Makefile.patch
188 silly gunzTarPerm extractEntry binding.gyp
189 silly gentlyRm /Users/tim/pi/rainbow-connection/node_modules/.staging/wiring-pi-69e201ab/node_modules is being purged
190 verbose gentlyRm don't care about contents; nuking /Users/tim/pi/rainbow-connection/node_modules/.staging/wiring-pi-69e201ab/node_modules
191 silly doParallel preinstall 1
192 silly preinstall wiring-pi@2.2.0 /Users/tim/pi/rainbow-connection/node_modules/.staging/wiring-pi-69e201ab
193 info lifecycle wiring-pi@2.2.0~preinstall: wiring-pi@2.2.0
194 silly lifecycle wiring-pi@2.2.0~preinstall: no script for preinstall, continuing
195 silly doReverseSerial remove 0
196 silly doSerial move 0
197 silly doSerial finalize 1
198 silly finalize /Users/tim/pi/rainbow-connection/node_modules/wiring-pi
199 silly doSerial build 1
200 silly build wiring-pi@2.2.0
201 info linkStuff wiring-pi@2.2.0
202 silly linkStuff wiring-pi@2.2.0 has /Users/tim/pi/rainbow-connection/node_modules as its parent node_modules
203 verbose linkBins wiring-pi@2.2.0
204 verbose linkMans wiring-pi@2.2.0
205 silly doSerial global-link 0
206 silly doParallel update-linked 0
207 silly doSerial install 1
208 silly install wiring-pi@2.2.0 /Users/tim/pi/rainbow-connection/node_modules/.staging/wiring-pi-69e201ab
209 info lifecycle wiring-pi@2.2.0~install: wiring-pi@2.2.0
210 verbose lifecycle wiring-pi@2.2.0~install: unsafe-perm in lifecycle true
211 verbose lifecycle wiring-pi@2.2.0~install: PATH: /Users/tim/.nvm/versions/node/v4.4.3/lib/node_modules/npm/bin/node-gyp-bin:/Users/tim/pi/rainbow-connection/node_modules/wiring-pi/node_modules/.bin:/Users/tim/pi/rainbow-connection/node_modules/.bin:/Users/tim/.nvm/versions/node/v4.4.3/bin:/usr/local/bin:/usr/bin:/bin:/usr/sbin:/sbin:/opt/X11/bin:/usr/local/git/bin
212 verbose lifecycle wiring-pi@2.2.0~install: CWD: /Users/tim/pi/rainbow-connection/node_modules/wiring-pi
213 silly lifecycle wiring-pi@2.2.0~install: Args: [ '-c', '/bin/bash ./install.sh' ]
214 silly lifecycle wiring-pi@2.2.0~install: Returned: code: 1  signal: null
215 info lifecycle wiring-pi@2.2.0~install: Failed to exec install script
216 verbose unlock done using /Users/tim/.npm/_locks/staging-b5940d89785e02e9.lock for /Users/tim/pi/rainbow-connection/node_modules/.staging
217 silly rollbackFailedOptional Starting
218 silly rollbackFailedOptional Finishing
219 silly runTopLevelLifecycles Finishing
220 silly install printInstalled
221 warn api-pi@1.0.0 No repository field.
222 verbose stack Error: wiring-pi@2.2.0 install: `/bin/bash ./install.sh`
222 verbose stack Exit status 1
222 verbose stack     at EventEmitter.<anonymous> (/Users/tim/.nvm/versions/node/v4.4.3/lib/node_modules/npm/lib/utils/lifecycle.js:255:16)
222 verbose stack     at emitTwo (events.js:87:13)
222 verbose stack     at EventEmitter.emit (events.js:172:7)
222 verbose stack     at ChildProcess.<anonymous> (/Users/tim/.nvm/versions/node/v4.4.3/lib/node_modules/npm/lib/utils/spawn.js:40:14)
222 verbose stack     at emitTwo (events.js:87:13)
222 verbose stack     at ChildProcess.emit (events.js:172:7)
222 verbose stack     at maybeClose (internal/child_process.js:827:16)
222 verbose stack     at Process.ChildProcess._handle.onexit (internal/child_process.js:211:5)
223 verbose pkgid wiring-pi@2.2.0
224 verbose cwd /Users/tim/pi/rainbow-connection
225 error Darwin 14.5.0
226 error argv "/Users/tim/.nvm/versions/node/v4.4.3/bin/node" "/Users/tim/.nvm/versions/node/v4.4.3/bin/npm" "install" "wiring-pi" "--save"
227 error node v4.4.3
228 error npm  v3.10.7
229 error code ELIFECYCLE
230 error wiring-pi@2.2.0 install: `/bin/bash ./install.sh`
230 error Exit status 1
231 error Failed at the wiring-pi@2.2.0 install script '/bin/bash ./install.sh'.
231 error Make sure you have the latest version of node.js and npm installed.
231 error If you do, this is most likely a problem with the wiring-pi package,
231 error not with npm itself.
231 error Tell the author that this fails on your system:
231 error     /bin/bash ./install.sh
231 error You can get information on how to open an issue for this project with:
231 error     npm bugs wiring-pi
231 error Or if that isn't available, you can get their info via:
231 error     npm owner ls wiring-pi
231 error There is likely additional logging output above.
232 verbose exit [ 1, true ]
